<?xml version="1.0" encoding="UTF-8"?>
<testsuite name="com.student.web.api.StudentFinderApiTest" tests="2" skipped="0" failures="0" errors="0" timestamp="2016-06-19T17:32:16" hostname="Raj-HP" time="1.073">
  <properties/>
  <testcase name="findAllStudents" classname="com.student.web.api.StudentFinderApiTest" time="1.065"/>
  <testcase name="findOneStudent" classname="com.student.web.api.StudentFinderApiTest" time="0.007"/>
  <system-out><![CDATA[2016-06-19 18:32:12.834  INFO 42648 --- [    Test worker] o.s.t.c.support.AbstractContextLoader    : Could not detect default resource locations for test class [com.student.AbstractStudentTest]: no resource found for suffixes {-context.xml, Context.groovy}.
2016-06-19 18:32:12.837  INFO 42648 --- [    Test worker] o.s.t.c.web.WebTestContextBootstrapper   : Loaded default TestExecutionListener class names from location [META-INF/spring.factories]: [org.springframework.test.context.web.ServletTestExecutionListener, org.springframework.test.context.support.DirtiesContextBeforeModesTestExecutionListener, org.springframework.test.context.support.DependencyInjectionTestExecutionListener, org.springframework.test.context.support.DirtiesContextTestExecutionListener, org.springframework.test.context.transaction.TransactionalTestExecutionListener, org.springframework.test.context.jdbc.SqlScriptsTestExecutionListener]
2016-06-19 18:32:12.838  INFO 42648 --- [    Test worker] o.s.t.c.web.WebTestContextBootstrapper   : Using TestExecutionListeners: [org.springframework.test.context.web.ServletTestExecutionListener@a2f71b1, org.springframework.test.context.support.DirtiesContextBeforeModesTestExecutionListener@2428f095, org.springframework.test.context.support.DependencyInjectionTestExecutionListener@2c4b3a66, org.springframework.test.context.support.DirtiesContextTestExecutionListener@6f7633ae, org.springframework.test.context.transaction.TransactionalTestExecutionListener@1e257508, org.springframework.test.context.jdbc.SqlScriptsTestExecutionListener@7d6a8201]

  .   ____          _            __ _ _
 /\\ / ___'_ __ _ _(_)_ __  __ _ \ \ \ \
( ( )\___ | '_ | '_| | '_ \/ _` | \ \ \ \
 \\/  ___)| |_)| | | | | || (_| |  ) ) ) )
  '  |____| .__|_| |_|_| |_\__, | / / / /
 =========|_|==============|___/=/_/_/_/
 :: Spring Boot ::        (v1.3.5.RELEASE)

2016-06-19 18:32:12.934  INFO 42648 --- [    Test worker] c.student.web.api.StudentFinderApiTest   : Starting StudentFinderApiTest on Raj-HP with PID 42648 (J:\workspace\student-kata\build\classes\test started by Raj in J:\workspace\student-kata)
2016-06-19 18:32:12.935  INFO 42648 --- [    Test worker] c.student.web.api.StudentFinderApiTest   : No active profile set, falling back to default profiles: default
2016-06-19 18:32:12.937  INFO 42648 --- [    Test worker] o.s.w.c.s.GenericWebApplicationContext   : Refreshing org.springframework.web.context.support.GenericWebApplicationContext@7c8a90e6: startup date [Sun Jun 19 18:32:12 BST 2016]; root of context hierarchy
2016-06-19 18:32:14.278  INFO 42648 --- [    Test worker] o.s.b.f.s.DefaultListableBeanFactory     : Overriding bean definition for bean 'ignoredPathsWebSecurityConfigurerAdapter' with a different definition: replacing [Root bean: class [null]; scope=; abstract=false; lazyInit=false; autowireMode=3; dependencyCheck=0; autowireCandidate=true; primary=false; factoryBeanName=org.springframework.boot.autoconfigure.security.SpringBootWebSecurityConfiguration; factoryMethodName=ignoredPathsWebSecurityConfigurerAdapter; initMethodName=null; destroyMethodName=(inferred); defined in class path resource [org/springframework/boot/autoconfigure/security/SpringBootWebSecurityConfiguration.class]] with [Root bean: class [null]; scope=; abstract=false; lazyInit=false; autowireMode=3; dependencyCheck=0; autowireCandidate=true; primary=false; factoryBeanName=org.springframework.boot.actuate.autoconfigure.ManagementWebSecurityAutoConfiguration; factoryMethodName=ignoredPathsWebSecurityConfigurerAdapter; initMethodName=null; destroyMethodName=(inferred); defined in class path resource [org/springframework/boot/actuate/autoconfigure/ManagementWebSecurityAutoConfiguration.class]]
2016-06-19 18:32:14.411  INFO 42648 --- [    Test worker] o.s.b.f.s.DefaultListableBeanFactory     : Overriding bean definition for bean 'managementServletContext' with a different definition: replacing [Root bean: class [null]; scope=; abstract=false; lazyInit=false; autowireMode=3; dependencyCheck=0; autowireCandidate=true; primary=false; factoryBeanName=org.springframework.boot.actuate.autoconfigure.EndpointWebMvcHypermediaManagementContextConfiguration; factoryMethodName=managementServletContext; initMethodName=null; destroyMethodName=(inferred); defined in class path resource [org/springframework/boot/actuate/autoconfigure/EndpointWebMvcHypermediaManagementContextConfiguration.class]] with [Root bean: class [null]; scope=; abstract=false; lazyInit=false; autowireMode=3; dependencyCheck=0; autowireCandidate=true; primary=false; factoryBeanName=org.springframework.boot.actuate.autoconfigure.EndpointWebMvcAutoConfiguration; factoryMethodName=managementServletContext; initMethodName=null; destroyMethodName=(inferred); defined in class path resource [org/springframework/boot/actuate/autoconfigure/EndpointWebMvcAutoConfiguration.class]]
2016-06-19 18:32:14.646  INFO 42648 --- [    Test worker] trationDelegate$BeanPostProcessorChecker : Bean 'org.springframework.transaction.annotation.ProxyTransactionManagementConfiguration' of type [class org.springframework.transaction.annotation.ProxyTransactionManagementConfiguration$$EnhancerBySpringCGLIB$$d6b83972] is not eligible for getting processed by all BeanPostProcessors (for example: not eligible for auto-proxying)
2016-06-19 18:32:14.781  INFO 42648 --- [    Test worker] j.LocalContainerEntityManagerFactoryBean : Building JPA container EntityManagerFactory for persistence unit 'default'
2016-06-19 18:32:14.781  INFO 42648 --- [    Test worker] o.hibernate.jpa.internal.util.LogHelper  : HHH000204: Processing PersistenceUnitInfo [
	name: default
	...]
2016-06-19 18:32:14.838  INFO 42648 --- [    Test worker] org.hibernate.dialect.Dialect            : HHH000400: Using dialect: org.hibernate.dialect.HSQLDialect
2016-06-19 18:32:14.839  INFO 42648 --- [    Test worker] o.h.h.i.ast.ASTQueryTranslatorFactory    : HHH000397: Using ASTQueryTranslatorFactory
2016-06-19 18:32:14.842  INFO 42648 --- [    Test worker] org.hibernate.tool.hbm2ddl.SchemaExport  : HHH000227: Running hbm2ddl schema export
2016-06-19 18:32:14.843  INFO 42648 --- [    Test worker] org.hibernate.tool.hbm2ddl.SchemaExport  : HHH000230: Schema export complete
2016-06-19 18:32:14.843  WARN 42648 --- [    Test worker] o.h.j.i.EntityManagerFactoryRegistry     : HHH000436: Entity manager factory name (default) is already registered.  If entity manager will be clustered or passivated, specify a unique value for property 'hibernate.ejb.entitymanager_factory_name'
2016-06-19 18:32:15.793  INFO 42648 --- [    Test worker] s.w.s.m.m.a.RequestMappingHandlerAdapter : Looking for @ControllerAdvice: org.springframework.web.context.support.GenericWebApplicationContext@7c8a90e6: startup date [Sun Jun 19 18:32:12 BST 2016]; root of context hierarchy
2016-06-19 18:32:15.800  INFO 42648 --- [    Test worker] s.w.s.m.m.a.RequestMappingHandlerAdapter : Detected ResponseBodyAdvice bean in org.springframework.boot.actuate.autoconfigure.EndpointWebMvcHypermediaManagementContextConfiguration$ActuatorEndpointLinksAdvice
2016-06-19 18:32:15.932  INFO 42648 --- [    Test worker] s.w.s.m.m.a.RequestMappingHandlerMapping : Mapped "{[/api/student/{studentId}],methods=[GET],produces=[application/json]}" onto public org.springframework.http.ResponseEntity<com.student.model.Student> com.student.web.api.StudentFinderController.getStudent(java.lang.Long)
2016-06-19 18:32:15.933  INFO 42648 --- [    Test worker] s.w.s.m.m.a.RequestMappingHandlerMapping : Mapped "{[/api/students],methods=[GET],produces=[application/json]}" onto public org.springframework.http.ResponseEntity<java.util.Collection<com.student.model.Student>> com.student.web.api.StudentFinderController.listAllStudents()
2016-06-19 18:32:15.934  INFO 42648 --- [    Test worker] s.w.s.m.m.a.RequestMappingHandlerMapping : Mapped "{[/api/student/single-registration],methods=[POST],consumes=[application/json]}" onto public org.springframework.http.ResponseEntity<com.student.model.Student> com.student.web.api.StudentRegistrationController.registerAStudent(com.student.model.Student)
2016-06-19 18:32:15.934  INFO 42648 --- [    Test worker] s.w.s.m.m.a.RequestMappingHandlerMapping : Mapped "{[/api/student/multiple-registration],methods=[POST],consumes=[application/json]}" onto public org.springframework.http.ResponseEntity<com.student.model.Student> com.student.web.api.StudentRegistrationController.registerMultipleStudents(java.util.List<com.student.model.Student>)
2016-06-19 18:32:15.936  INFO 42648 --- [    Test worker] s.w.s.m.m.a.RequestMappingHandlerMapping : Mapped "{[/error]}" onto public org.springframework.http.ResponseEntity<java.util.Map<java.lang.String, java.lang.Object>> org.springframework.boot.autoconfigure.web.BasicErrorController.error(javax.servlet.http.HttpServletRequest)
2016-06-19 18:32:15.936  INFO 42648 --- [    Test worker] s.w.s.m.m.a.RequestMappingHandlerMapping : Mapped "{[/error],produces=[text/html]}" onto public org.springframework.web.servlet.ModelAndView org.springframework.boot.autoconfigure.web.BasicErrorController.errorHtml(javax.servlet.http.HttpServletRequest,javax.servlet.http.HttpServletResponse)
2016-06-19 18:32:15.960  INFO 42648 --- [    Test worker] o.s.w.s.handler.SimpleUrlHandlerMapping  : Mapped URL path [/webjars/**] onto handler of type [class org.springframework.web.servlet.resource.ResourceHttpRequestHandler]
2016-06-19 18:32:15.960  INFO 42648 --- [    Test worker] o.s.w.s.handler.SimpleUrlHandlerMapping  : Mapped URL path [/**] onto handler of type [class org.springframework.web.servlet.resource.ResourceHttpRequestHandler]
2016-06-19 18:32:15.976  INFO 42648 --- [    Test worker] .m.m.a.ExceptionHandlerExceptionResolver : Detected ResponseBodyAdvice implementation in org.springframework.boot.actuate.autoconfigure.EndpointWebMvcHypermediaManagementContextConfiguration$ActuatorEndpointLinksAdvice
2016-06-19 18:32:15.992  INFO 42648 --- [    Test worker] o.s.w.s.handler.SimpleUrlHandlerMapping  : Mapped URL path [/**/favicon.ico] onto handler of type [class org.springframework.web.servlet.resource.ResourceHttpRequestHandler]
2016-06-19 18:32:16.231  INFO 42648 --- [    Test worker] b.a.s.AuthenticationManagerConfiguration : 

Using default security password: abcee6ff-6bbb-4cc6-a989-14f294d39f16

2016-06-19 18:32:16.348  INFO 42648 --- [    Test worker] o.s.s.web.DefaultSecurityFilterChain     : Creating filter chain: OrRequestMatcher [requestMatchers=[Ant [pattern='/css/**'], Ant [pattern='/js/**'], Ant [pattern='/images/**'], Ant [pattern='/**/favicon.ico'], Ant [pattern='/error']]], []
2016-06-19 18:32:16.412  INFO 42648 --- [    Test worker] o.s.s.web.DefaultSecurityFilterChain     : Creating filter chain: org.springframework.boot.actuate.autoconfigure.ManagementWebSecurityAutoConfiguration$LazyEndpointPathRequestMatcher@7e6fadbd, [org.springframework.security.web.context.request.async.WebAsyncManagerIntegrationFilter@6d6fcd7f, org.springframework.security.web.context.SecurityContextPersistenceFilter@4074fd4b, org.springframework.security.web.header.HeaderWriterFilter@5fb41526, org.springframework.security.web.authentication.logout.LogoutFilter@6ab0d8ba, org.springframework.security.web.authentication.www.BasicAuthenticationFilter@10b07463, org.springframework.security.web.savedrequest.RequestCacheAwareFilter@6d764271, org.springframework.security.web.servletapi.SecurityContextHolderAwareRequestFilter@72ca7c54, org.springframework.security.web.authentication.AnonymousAuthenticationFilter@2c67d4a2, org.springframework.security.web.session.SessionManagementFilter@58686318, org.springframework.security.web.access.ExceptionTranslationFilter@2be6aa49, org.springframework.security.web.access.intercept.FilterSecurityInterceptor@16665df8]
2016-06-19 18:32:16.415  INFO 42648 --- [    Test worker] o.s.s.web.DefaultSecurityFilterChain     : Creating filter chain: OrRequestMatcher [requestMatchers=[Ant [pattern='/**']]], [org.springframework.security.web.context.request.async.WebAsyncManagerIntegrationFilter@bf8e4a2, org.springframework.security.web.context.SecurityContextPersistenceFilter@7c8633b, org.springframework.security.web.header.HeaderWriterFilter@28f2b0fa, org.springframework.security.web.authentication.logout.LogoutFilter@44aa2a4e, org.springframework.security.web.authentication.www.BasicAuthenticationFilter@bf485b, org.springframework.security.web.savedrequest.RequestCacheAwareFilter@2c3c0ab3, org.springframework.security.web.servletapi.SecurityContextHolderAwareRequestFilter@11f41aae, org.springframework.security.web.authentication.AnonymousAuthenticationFilter@21d14746, org.springframework.security.web.session.SessionManagementFilter@55001177, org.springframework.security.web.access.ExceptionTranslationFilter@47ad9e57, org.springframework.security.web.access.intercept.FilterSecurityInterceptor@12602c48]
2016-06-19 18:32:16.684  INFO 42648 --- [    Test worker] o.s.b.a.e.mvc.EndpointHandlerMapping     : Mapped "{[/info || /info.json],methods=[GET],produces=[application/json]}" onto public java.lang.Object org.springframework.boot.actuate.endpoint.mvc.EndpointMvcAdapter.invoke()
2016-06-19 18:32:16.685  INFO 42648 --- [    Test worker] o.s.b.a.e.mvc.EndpointHandlerMapping     : Mapped "{[/actuator || /actuator.json],produces=[application/json]}" onto public org.springframework.hateoas.ResourceSupport org.springframework.boot.actuate.endpoint.mvc.HalJsonMvcEndpoint.links()
2016-06-19 18:32:16.685  INFO 42648 --- [    Test worker] o.s.b.a.e.mvc.EndpointHandlerMapping     : Mapped "{[/beans || /beans.json],methods=[GET],produces=[application/json]}" onto public java.lang.Object org.springframework.boot.actuate.endpoint.mvc.EndpointMvcAdapter.invoke()
2016-06-19 18:32:16.685  INFO 42648 --- [    Test worker] o.s.b.a.e.mvc.EndpointHandlerMapping     : Mapped "{[/autoconfig || /autoconfig.json],methods=[GET],produces=[application/json]}" onto public java.lang.Object org.springframework.boot.actuate.endpoint.mvc.EndpointMvcAdapter.invoke()
2016-06-19 18:32:16.687  INFO 42648 --- [    Test worker] o.s.b.a.e.mvc.EndpointHandlerMapping     : Mapped "{[/env/{name:.*}],methods=[GET],produces=[application/json]}" onto public java.lang.Object org.springframework.boot.actuate.endpoint.mvc.EnvironmentMvcEndpoint.value(java.lang.String)
2016-06-19 18:32:16.687  INFO 42648 --- [    Test worker] o.s.b.a.e.mvc.EndpointHandlerMapping     : Mapped "{[/env || /env.json],methods=[GET],produces=[application/json]}" onto public java.lang.Object org.springframework.boot.actuate.endpoint.mvc.EndpointMvcAdapter.invoke()
2016-06-19 18:32:16.687  INFO 42648 --- [    Test worker] o.s.b.a.e.mvc.EndpointHandlerMapping     : Mapped "{[/metrics/{name:.*}],methods=[GET],produces=[application/json]}" onto public java.lang.Object org.springframework.boot.actuate.endpoint.mvc.MetricsMvcEndpoint.value(java.lang.String)
2016-06-19 18:32:16.687  INFO 42648 --- [    Test worker] o.s.b.a.e.mvc.EndpointHandlerMapping     : Mapped "{[/metrics || /metrics.json],methods=[GET],produces=[application/json]}" onto public java.lang.Object org.springframework.boot.actuate.endpoint.mvc.EndpointMvcAdapter.invoke()
2016-06-19 18:32:16.688  INFO 42648 --- [    Test worker] o.s.b.a.e.mvc.EndpointHandlerMapping     : Mapped "{[/mappings || /mappings.json],methods=[GET],produces=[application/json]}" onto public java.lang.Object org.springframework.boot.actuate.endpoint.mvc.EndpointMvcAdapter.invoke()
2016-06-19 18:32:16.688  INFO 42648 --- [    Test worker] o.s.b.a.e.mvc.EndpointHandlerMapping     : Mapped "{[/dump || /dump.json],methods=[GET],produces=[application/json]}" onto public java.lang.Object org.springframework.boot.actuate.endpoint.mvc.EndpointMvcAdapter.invoke()
2016-06-19 18:32:16.688  INFO 42648 --- [    Test worker] o.s.b.a.e.mvc.EndpointHandlerMapping     : Mapped "{[/configprops || /configprops.json],methods=[GET],produces=[application/json]}" onto public java.lang.Object org.springframework.boot.actuate.endpoint.mvc.EndpointMvcAdapter.invoke()
2016-06-19 18:32:16.689  INFO 42648 --- [    Test worker] o.s.b.a.e.mvc.EndpointHandlerMapping     : Mapped "{[/health || /health.json],produces=[application/json]}" onto public java.lang.Object org.springframework.boot.actuate.endpoint.mvc.HealthMvcEndpoint.invoke(java.security.Principal)
2016-06-19 18:32:16.689  INFO 42648 --- [    Test worker] o.s.b.a.e.mvc.EndpointHandlerMapping     : Mapped "{[/trace || /trace.json],methods=[GET],produces=[application/json]}" onto public java.lang.Object org.springframework.boot.actuate.endpoint.mvc.EndpointMvcAdapter.invoke()
2016-06-19 18:32:16.822  INFO 42648 --- [    Test worker] c.student.web.api.StudentFinderApiTest   : Started StudentFinderApiTest in 3.922 seconds (JVM running for 21.731)
2016-06-19 18:32:16.900  INFO 42648 --- [    Test worker] o.s.b.test.SpringBootMockServletContext  : Initializing Spring FrameworkServlet ''
2016-06-19 18:32:16.901  INFO 42648 --- [    Test worker] o.s.t.web.servlet.TestDispatcherServlet  : FrameworkServlet '': initialization started
2016-06-19 18:32:16.974  INFO 42648 --- [    Test worker] o.s.t.web.servlet.TestDispatcherServlet  : FrameworkServlet '': initialization completed in 73 ms
2016-06-19 18:32:17.936  INFO 42648 --- [    Test worker] o.s.b.test.SpringBootMockServletContext  : Initializing Spring FrameworkServlet ''
2016-06-19 18:32:17.936  INFO 42648 --- [    Test worker] o.s.t.web.servlet.TestDispatcherServlet  : FrameworkServlet '': initialization started
2016-06-19 18:32:17.938  INFO 42648 --- [    Test worker] o.s.t.web.servlet.TestDispatcherServlet  : FrameworkServlet '': initialization completed in 2 ms
]]></system-out>
  <system-err><![CDATA[]]></system-err>
</testsuite>
