<?xml version="1.0" encoding="UTF-8"?>
<testsuite name="com.student.service.StudentFinderTest" tests="2" skipped="0" failures="0" errors="0" timestamp="2016-06-19T17:32:12" hostname="Raj-HP" time="0.019">
  <properties/>
  <testcase name="findAStudentShouldReturnARecord" classname="com.student.service.StudentFinderTest" time="0.018"/>
  <testcase name="getStudentDetails" classname="com.student.service.StudentFinderTest" time="0.0"/>
  <system-out><![CDATA[18:31:58.988 [Test worker] DEBUG org.springframework.test.context.junit4.SpringJUnit4ClassRunner - SpringJUnit4ClassRunner constructor called with [class com.student.service.StudentFinderTest]
18:31:59.018 [Test worker] DEBUG org.springframework.test.context.BootstrapUtils - Instantiating CacheAwareContextLoaderDelegate from class [org.springframework.test.context.cache.DefaultCacheAwareContextLoaderDelegate]
18:31:59.088 [Test worker] DEBUG org.springframework.test.context.BootstrapUtils - Instantiating BootstrapContext using constructor [public org.springframework.test.context.support.DefaultBootstrapContext(java.lang.Class,org.springframework.test.context.CacheAwareContextLoaderDelegate)]
18:31:59.127 [Test worker] DEBUG org.springframework.test.context.BootstrapUtils - Instantiating TestContextBootstrapper for test class [com.student.service.StudentFinderTest] from class [org.springframework.test.context.support.DefaultTestContextBootstrapper]
18:31:59.171 [Test worker] DEBUG org.springframework.test.context.support.DefaultTestContextBootstrapper - Found explicit ContextLoader class [org.springframework.boot.test.SpringApplicationContextLoader] for context configuration attributes [ContextConfigurationAttributes@57ee675d declaringClass = 'com.student.AbstractStudentTest', classes = '{class com.student.main.Application}', locations = '{}', inheritLocations = true, initializers = '{}', inheritInitializers = true, name = [null], contextLoaderClass = 'org.springframework.boot.test.SpringApplicationContextLoader']
18:31:59.286 [Test worker] DEBUG org.springframework.test.context.support.AbstractContextLoader - Did not detect default resource location for test class [com.student.AbstractStudentTest]: class path resource [com/student/AbstractStudentTest-context.xml] does not exist
18:31:59.287 [Test worker] DEBUG org.springframework.test.context.support.AbstractContextLoader - Did not detect default resource location for test class [com.student.AbstractStudentTest]: class path resource [com/student/AbstractStudentTestContext.groovy] does not exist
18:31:59.287 [Test worker] INFO org.springframework.test.context.support.AbstractContextLoader - Could not detect default resource locations for test class [com.student.AbstractStudentTest]: no resource found for suffixes {-context.xml, Context.groovy}.
18:31:59.288 [Test worker] DEBUG org.springframework.test.context.support.ActiveProfilesUtils - Could not find an 'annotation declaring class' for annotation type [org.springframework.test.context.ActiveProfiles] and class [com.student.service.StudentFinderTest]
18:31:59.291 [Test worker] DEBUG org.springframework.test.context.support.DefaultTestContextBootstrapper - @TestExecutionListeners is not present for class [com.student.service.StudentFinderTest]: using defaults.
18:31:59.325 [Test worker] INFO org.springframework.test.context.support.DefaultTestContextBootstrapper - Loaded default TestExecutionListener class names from location [META-INF/spring.factories]: [org.springframework.test.context.web.ServletTestExecutionListener, org.springframework.test.context.support.DirtiesContextBeforeModesTestExecutionListener, org.springframework.test.context.support.DependencyInjectionTestExecutionListener, org.springframework.test.context.support.DirtiesContextTestExecutionListener, org.springframework.test.context.transaction.TransactionalTestExecutionListener, org.springframework.test.context.jdbc.SqlScriptsTestExecutionListener]
18:31:59.466 [Test worker] INFO org.springframework.test.context.support.DefaultTestContextBootstrapper - Using TestExecutionListeners: [org.springframework.test.context.web.ServletTestExecutionListener@3780028c, org.springframework.test.context.support.DirtiesContextBeforeModesTestExecutionListener@60794e66, org.springframework.test.context.support.DependencyInjectionTestExecutionListener@289bd868, org.springframework.test.context.support.DirtiesContextTestExecutionListener@49fc93c1, org.springframework.test.context.transaction.TransactionalTestExecutionListener@7e5f6c10, org.springframework.test.context.jdbc.SqlScriptsTestExecutionListener@547f17c3]
18:31:59.468 [Test worker] DEBUG org.springframework.test.annotation.ProfileValueUtils - Retrieved @ProfileValueSourceConfiguration [null] for test class [com.student.service.StudentFinderTest]
18:31:59.469 [Test worker] DEBUG org.springframework.test.annotation.ProfileValueUtils - Retrieved ProfileValueSource type [class org.springframework.test.annotation.SystemProfileValueSource] for class [com.student.service.StudentFinderTest]
18:31:59.469 [Test worker] DEBUG org.springframework.test.annotation.ProfileValueUtils - Retrieved @ProfileValueSourceConfiguration [null] for test class [com.student.service.StudentFinderTest]
18:31:59.469 [Test worker] DEBUG org.springframework.test.annotation.ProfileValueUtils - Retrieved ProfileValueSource type [class org.springframework.test.annotation.SystemProfileValueSource] for class [com.student.service.StudentFinderTest]
18:31:59.470 [Test worker] DEBUG org.springframework.test.context.support.AbstractDirtiesContextTestExecutionListener - Before test class: context [DefaultTestContext@59a34840 testClass = StudentFinderTest, testInstance = [null], testMethod = [null], testException = [null], mergedContextConfiguration = [MergedContextConfiguration@402cd5ef testClass = StudentFinderTest, locations = '{}', classes = '{class com.student.main.Application}', contextInitializerClasses = '[]', activeProfiles = '{}', propertySourceLocations = '{}', propertySourceProperties = '{}', contextLoader = 'org.springframework.boot.test.SpringApplicationContextLoader', parent = [null]]], class annotated with @DirtiesContext [false] with mode [null].
18:31:59.471 [Test worker] DEBUG org.springframework.test.annotation.ProfileValueUtils - Retrieved @ProfileValueSourceConfiguration [null] for test class [com.student.service.StudentFinderTest]
18:31:59.471 [Test worker] DEBUG org.springframework.test.annotation.ProfileValueUtils - Retrieved ProfileValueSource type [class org.springframework.test.annotation.SystemProfileValueSource] for class [com.student.service.StudentFinderTest]
18:31:59.473 [Test worker] DEBUG org.springframework.test.context.support.DependencyInjectionTestExecutionListener - Performing dependency injection for test context [[DefaultTestContext@59a34840 testClass = StudentFinderTest, testInstance = com.student.service.StudentFinderTest@3c422e04, testMethod = [null], testException = [null], mergedContextConfiguration = [MergedContextConfiguration@402cd5ef testClass = StudentFinderTest, locations = '{}', classes = '{class com.student.main.Application}', contextInitializerClasses = '[]', activeProfiles = '{}', propertySourceLocations = '{}', propertySourceProperties = '{}', contextLoader = 'org.springframework.boot.test.SpringApplicationContextLoader', parent = [null]]]].
18:31:59.689 [Test worker] DEBUG org.springframework.core.env.StandardEnvironment - Adding [systemProperties] PropertySource with lowest search precedence
18:31:59.690 [Test worker] DEBUG org.springframework.core.env.StandardEnvironment - Adding [systemEnvironment] PropertySource with lowest search precedence
18:31:59.690 [Test worker] DEBUG org.springframework.core.env.StandardEnvironment - Initialized StandardEnvironment with PropertySources [systemProperties,systemEnvironment]
18:31:59.706 [Test worker] DEBUG org.springframework.core.env.StandardEnvironment - Adding [integrationTest] PropertySource with search precedence immediately lower than [systemEnvironment]

  .   ____          _            __ _ _
 /\\ / ___'_ __ _ _(_)_ __  __ _ \ \ \ \
( ( )\___ | '_ | '_| | '_ \/ _` | \ \ \ \
 \\/  ___)| |_)| | | | | || (_| |  ) ) ) )
  '  |____| .__|_| |_|_| |_\__, | / / / /
 =========|_|==============|___/=/_/_/_/
 :: Spring Boot ::        (v1.3.5.RELEASE)

2016-06-19 18:32:03.670  INFO 42648 --- [    Test worker] com.student.service.StudentFinderTest    : Starting StudentFinderTest on Raj-HP with PID 42648 (J:\workspace\student-kata\build\classes\test started by Raj in J:\workspace\student-kata)
2016-06-19 18:32:03.671  INFO 42648 --- [    Test worker] com.student.service.StudentFinderTest    : No active profile set, falling back to default profiles: default
2016-06-19 18:32:03.756  INFO 42648 --- [    Test worker] s.c.a.AnnotationConfigApplicationContext : Refreshing org.springframework.context.annotation.AnnotationConfigApplicationContext@5d3859e8: startup date [Sun Jun 19 18:32:03 BST 2016]; root of context hierarchy
2016-06-19 18:32:09.711  INFO 42648 --- [    Test worker] j.LocalContainerEntityManagerFactoryBean : Building JPA container EntityManagerFactory for persistence unit 'default'
2016-06-19 18:32:09.743  INFO 42648 --- [    Test worker] o.hibernate.jpa.internal.util.LogHelper  : HHH000204: Processing PersistenceUnitInfo [
	name: default
	...]
2016-06-19 18:32:10.090  INFO 42648 --- [    Test worker] org.hibernate.Version                    : HHH000412: Hibernate Core {4.3.11.Final}
2016-06-19 18:32:10.092  INFO 42648 --- [    Test worker] org.hibernate.cfg.Environment            : HHH000206: hibernate.properties not found
2016-06-19 18:32:10.093  INFO 42648 --- [    Test worker] org.hibernate.cfg.Environment            : HHH000021: Bytecode provider name : javassist
2016-06-19 18:32:10.336  INFO 42648 --- [    Test worker] o.hibernate.annotations.common.Version   : HCANN000001: Hibernate Commons Annotations {4.0.5.Final}
2016-06-19 18:32:10.434  INFO 42648 --- [    Test worker] org.hibernate.dialect.Dialect            : HHH000400: Using dialect: org.hibernate.dialect.HSQLDialect
2016-06-19 18:32:10.503  INFO 42648 --- [    Test worker] o.h.h.i.ast.ASTQueryTranslatorFactory    : HHH000397: Using ASTQueryTranslatorFactory
2016-06-19 18:32:11.295  INFO 42648 --- [    Test worker] org.hibernate.tool.hbm2ddl.SchemaExport  : HHH000227: Running hbm2ddl schema export
2016-06-19 18:32:11.301  INFO 42648 --- [    Test worker] org.hibernate.tool.hbm2ddl.SchemaExport  : HHH000230: Schema export complete
2016-06-19 18:32:12.747  INFO 42648 --- [    Test worker] com.student.service.StudentFinderTest    : Started StudentFinderTest in 13.031 seconds (JVM running for 17.656)
]]></system-out>
  <system-err><![CDATA[]]></system-err>
</testsuite>
