<?xml version="1.0" encoding="UTF-8"?>
<testsuite name="com.student.bdd.StudentRegistrationTest" tests="0" skipped="0" failures="0" errors="0" timestamp="1970-01-01T00:00:00" hostname="Raj-HP" time="0.0">
  <properties/>
  <system-out><![CDATA[click_on_Register_button
i_should_be_able_to_register_a_new_student

1 Scenarios (?[32m1 passed?[0m)
3 Steps (?[32m3 passed?[0m)
0m0.167s

]]></system-out>
  <system-err><![CDATA[]]></system-err>
</testsuite>
